2025-02-09 23:00:03,399 - Send message logs - INFO - message sent 
 name:حامد عظیما
 award:۳۶۰,۰۰۰ 
 phone_number: +989144104292 
 time: ۲۳:۰۰  ,۱۴۰۳٫۱۱٫۲۱ 


2025-02-09 23:00:03,425 - Send message logs - INFO - message sent 
 name:میلاد مهدی زاده
 award:۱۲۰,۰۰۰ 
 phone_number: +989141190684 
 time: ۲۳:۰۰  ,۱۴۰۳٫۱۱٫۲۱ 


2025-02-09 23:00:03,444 - Send message logs - INFO - message sent 
 name:داریوش شفائی
 award:۱۲۰,۰۰۰ 
 phone_number: +989044498981 
 time: ۲۳:۰۰  ,۱۴۰۳٫۱۱٫۲۱ 


2025-02-09 23:00:03,450 - Send message logs - INFO - message sent 
 name:مهسا احسانی
 award:۱۲۰,۰۰۰ 
 phone_number: +989308071964 
 time: ۲۳:۰۰  ,۱۴۰۳٫۱۱٫۲۱ 


